[2025-02-27T05:48:21.027+0000] {taskinstance.py:1956} INFO - Dependencies all met for dep_context=non-requeueable deps ti=<TaskInstance: crypto_etl_dag.extract_coingecko_file manual__2025-02-27T05:48:19.058876+00:00 [queued]>
[2025-02-27T05:48:21.042+0000] {taskinstance.py:1956} INFO - Dependencies all met for dep_context=requeueable deps ti=<TaskInstance: crypto_etl_dag.extract_coingecko_file manual__2025-02-27T05:48:19.058876+00:00 [queued]>
[2025-02-27T05:48:21.043+0000] {taskinstance.py:2170} INFO - Starting attempt 1 of 1
[2025-02-27T05:48:21.079+0000] {taskinstance.py:2191} INFO - Executing <Task(BashOperator): extract_coingecko_file> on 2025-02-27 05:48:19.058876+00:00
[2025-02-27T05:48:21.093+0000] {standard_task_runner.py:60} INFO - Started process 188 to run task
[2025-02-27T05:48:21.099+0000] {standard_task_runner.py:87} INFO - Running: ['***', 'tasks', 'run', 'crypto_etl_dag', 'extract_coingecko_file', 'manual__2025-02-27T05:48:19.058876+00:00', '--job-id', '22', '--raw', '--subdir', 'DAGS_FOLDER/crypto_etl_dag.py', '--cfg-path', '/tmp/tmp8gppsgbq']
[2025-02-27T05:48:21.103+0000] {standard_task_runner.py:88} INFO - Job 22: Subtask extract_coingecko_file
[2025-02-27T05:48:21.191+0000] {task_command.py:423} INFO - Running <TaskInstance: crypto_etl_dag.extract_coingecko_file manual__2025-02-27T05:48:19.058876+00:00 [running]> on host d7538f12d10b
[2025-02-27T05:48:21.309+0000] {taskinstance.py:2480} INFO - Exporting env vars: AIRFLOW_CTX_DAG_OWNER='***' AIRFLOW_CTX_DAG_ID='crypto_etl_dag' AIRFLOW_CTX_TASK_ID='extract_coingecko_file' AIRFLOW_CTX_EXECUTION_DATE='2025-02-27T05:48:19.058876+00:00' AIRFLOW_CTX_TRY_NUMBER='1' AIRFLOW_CTX_DAG_RUN_ID='manual__2025-02-27T05:48:19.058876+00:00'
[2025-02-27T05:48:21.314+0000] {subprocess.py:63} INFO - Tmp dir root location: /tmp
[2025-02-27T05:48:21.316+0000] {subprocess.py:75} INFO - Running command: ['/usr/bin/bash', '-c', 'python /opt/***/dags/scripts/extract_coingecko.py']
[2025-02-27T05:48:21.337+0000] {subprocess.py:86} INFO - Output:
[2025-02-27T05:48:29.991+0000] {subprocess.py:93} INFO - [extract_coingecko] Đã lưu dữ liệu vào file 'coin_data.csv'
[2025-02-27T05:48:30.011+0000] {subprocess.py:93} INFO - Traceback (most recent call last):
[2025-02-27T05:48:30.013+0000] {subprocess.py:93} INFO -   File "/home/***/.local/lib/python3.8/site-packages/urllib3/connection.py", line 174, in _new_conn
[2025-02-27T05:48:30.014+0000] {subprocess.py:93} INFO -     conn = connection.create_connection(
[2025-02-27T05:48:30.016+0000] {subprocess.py:93} INFO -   File "/home/***/.local/lib/python3.8/site-packages/urllib3/util/connection.py", line 95, in create_connection
[2025-02-27T05:48:30.017+0000] {subprocess.py:93} INFO -     raise err
[2025-02-27T05:48:30.018+0000] {subprocess.py:93} INFO -   File "/home/***/.local/lib/python3.8/site-packages/urllib3/util/connection.py", line 85, in create_connection
[2025-02-27T05:48:30.020+0000] {subprocess.py:93} INFO -     sock.connect(sa)
[2025-02-27T05:48:30.021+0000] {subprocess.py:93} INFO - ConnectionRefusedError: [Errno 111] Connection refused
[2025-02-27T05:48:30.022+0000] {subprocess.py:93} INFO - 
[2025-02-27T05:48:30.024+0000] {subprocess.py:93} INFO - During handling of the above exception, another exception occurred:
[2025-02-27T05:48:30.025+0000] {subprocess.py:93} INFO - 
[2025-02-27T05:48:30.026+0000] {subprocess.py:93} INFO - Traceback (most recent call last):
[2025-02-27T05:48:30.028+0000] {subprocess.py:93} INFO -   File "/home/***/.local/lib/python3.8/site-packages/urllib3/connectionpool.py", line 715, in urlopen
[2025-02-27T05:48:30.029+0000] {subprocess.py:93} INFO -     httplib_response = self._make_request(
[2025-02-27T05:48:30.031+0000] {subprocess.py:93} INFO -   File "/home/***/.local/lib/python3.8/site-packages/urllib3/connectionpool.py", line 416, in _make_request
[2025-02-27T05:48:30.032+0000] {subprocess.py:93} INFO -     conn.request(method, url, **httplib_request_kw)
[2025-02-27T05:48:30.034+0000] {subprocess.py:93} INFO -   File "/home/***/.local/lib/python3.8/site-packages/urllib3/connection.py", line 244, in request
[2025-02-27T05:48:30.036+0000] {subprocess.py:93} INFO -     super(HTTPConnection, self).request(method, url, body=body, headers=headers)
[2025-02-27T05:48:30.037+0000] {subprocess.py:93} INFO -   File "/usr/local/lib/python3.8/http/client.py", line 1256, in request
[2025-02-27T05:48:30.039+0000] {subprocess.py:93} INFO -     self._send_request(method, url, body, headers, encode_chunked)
[2025-02-27T05:48:30.040+0000] {subprocess.py:93} INFO -   File "/usr/local/lib/python3.8/http/client.py", line 1302, in _send_request
[2025-02-27T05:48:30.041+0000] {subprocess.py:93} INFO -     self.endheaders(body, encode_chunked=encode_chunked)
[2025-02-27T05:48:30.043+0000] {subprocess.py:93} INFO -   File "/usr/local/lib/python3.8/http/client.py", line 1251, in endheaders
[2025-02-27T05:48:30.044+0000] {subprocess.py:93} INFO -     self._send_output(message_body, encode_chunked=encode_chunked)
[2025-02-27T05:48:30.046+0000] {subprocess.py:93} INFO -   File "/usr/local/lib/python3.8/http/client.py", line 1011, in _send_output
[2025-02-27T05:48:30.047+0000] {subprocess.py:93} INFO -     self.send(msg)
[2025-02-27T05:48:30.048+0000] {subprocess.py:93} INFO -   File "/usr/local/lib/python3.8/http/client.py", line 951, in send
[2025-02-27T05:48:30.049+0000] {subprocess.py:93} INFO -     self.connect()
[2025-02-27T05:48:30.051+0000] {subprocess.py:93} INFO -   File "/home/***/.local/lib/python3.8/site-packages/urllib3/connection.py", line 205, in connect
[2025-02-27T05:48:30.052+0000] {subprocess.py:93} INFO -     conn = self._new_conn()
[2025-02-27T05:48:30.053+0000] {subprocess.py:93} INFO -   File "/home/***/.local/lib/python3.8/site-packages/urllib3/connection.py", line 186, in _new_conn
[2025-02-27T05:48:30.054+0000] {subprocess.py:93} INFO -     raise NewConnectionError(
[2025-02-27T05:48:30.056+0000] {subprocess.py:93} INFO - urllib3.exceptions.NewConnectionError: <urllib3.connection.HTTPConnection object at 0x7f02e8c03310>: Failed to establish a new connection: [Errno 111] Connection refused
[2025-02-27T05:48:30.057+0000] {subprocess.py:93} INFO - 
[2025-02-27T05:48:30.058+0000] {subprocess.py:93} INFO - During handling of the above exception, another exception occurred:
[2025-02-27T05:48:30.059+0000] {subprocess.py:93} INFO - 
[2025-02-27T05:48:30.060+0000] {subprocess.py:93} INFO - Traceback (most recent call last):
[2025-02-27T05:48:30.061+0000] {subprocess.py:93} INFO -   File "/opt/***/dags/scripts/extract_coingecko.py", line 59, in <module>
[2025-02-27T05:48:30.063+0000] {subprocess.py:93} INFO -     found = minio_client.bucket_exists(bucket_name)
[2025-02-27T05:48:30.064+0000] {subprocess.py:93} INFO -   File "/home/***/.local/lib/python3.8/site-packages/minio/api.py", line 696, in bucket_exists
[2025-02-27T05:48:30.066+0000] {subprocess.py:93} INFO -     self._execute("HEAD", bucket_name)
[2025-02-27T05:48:30.067+0000] {subprocess.py:93} INFO -   File "/home/***/.local/lib/python3.8/site-packages/minio/api.py", line 437, in _execute
[2025-02-27T05:48:30.068+0000] {subprocess.py:93} INFO -     region = self._get_region(bucket_name)
[2025-02-27T05:48:30.070+0000] {subprocess.py:93} INFO -   File "/home/***/.local/lib/python3.8/site-packages/minio/api.py", line 494, in _get_region
[2025-02-27T05:48:30.071+0000] {subprocess.py:93} INFO -     response = self._url_open(
[2025-02-27T05:48:30.072+0000] {subprocess.py:93} INFO -   File "/home/***/.local/lib/python3.8/site-packages/minio/api.py", line 302, in _url_open
[2025-02-27T05:48:30.073+0000] {subprocess.py:93} INFO -     response = self._http.urlopen(
[2025-02-27T05:48:30.075+0000] {subprocess.py:93} INFO -   File "/home/***/.local/lib/python3.8/site-packages/urllib3/poolmanager.py", line 376, in urlopen
[2025-02-27T05:48:30.076+0000] {subprocess.py:93} INFO -     response = conn.urlopen(method, u.request_uri, **kw)
[2025-02-27T05:48:30.077+0000] {subprocess.py:93} INFO -   File "/home/***/.local/lib/python3.8/site-packages/urllib3/connectionpool.py", line 827, in urlopen
[2025-02-27T05:48:30.078+0000] {subprocess.py:93} INFO -     return self.urlopen(
[2025-02-27T05:48:30.079+0000] {subprocess.py:93} INFO -   File "/home/***/.local/lib/python3.8/site-packages/urllib3/connectionpool.py", line 827, in urlopen
[2025-02-27T05:48:30.080+0000] {subprocess.py:93} INFO -     return self.urlopen(
[2025-02-27T05:48:30.081+0000] {subprocess.py:93} INFO -   File "/home/***/.local/lib/python3.8/site-packages/urllib3/connectionpool.py", line 827, in urlopen
[2025-02-27T05:48:30.082+0000] {subprocess.py:93} INFO -     return self.urlopen(
[2025-02-27T05:48:30.083+0000] {subprocess.py:93} INFO -   [Previous line repeated 2 more times]
[2025-02-27T05:48:30.083+0000] {subprocess.py:93} INFO -   File "/home/***/.local/lib/python3.8/site-packages/urllib3/connectionpool.py", line 799, in urlopen
[2025-02-27T05:48:30.085+0000] {subprocess.py:93} INFO -     retries = retries.increment(
[2025-02-27T05:48:30.085+0000] {subprocess.py:93} INFO -   File "/home/***/.local/lib/python3.8/site-packages/urllib3/util/retry.py", line 592, in increment
[2025-02-27T05:48:30.086+0000] {subprocess.py:93} INFO -     raise MaxRetryError(_pool, url, error or ResponseError(cause))
[2025-02-27T05:48:30.087+0000] {subprocess.py:93} INFO - urllib3.exceptions.MaxRetryError: HTTPConnectionPool(host='localhost', port=9000): Max retries exceeded with url: /coin-bucket?location= (Caused by NewConnectionError('<urllib3.connection.HTTPConnection object at 0x7f02e8c03310>: Failed to establish a new connection: [Errno 111] Connection refused'))
[2025-02-27T05:48:30.155+0000] {subprocess.py:97} INFO - Command exited with return code 1
[2025-02-27T05:48:30.167+0000] {taskinstance.py:2698} ERROR - Task failed with exception
Traceback (most recent call last):
  File "/home/airflow/.local/lib/python3.8/site-packages/airflow/models/taskinstance.py", line 433, in _execute_task
    result = execute_callable(context=context, **execute_callable_kwargs)
  File "/home/airflow/.local/lib/python3.8/site-packages/airflow/operators/bash.py", line 212, in execute
    raise AirflowException(
airflow.exceptions.AirflowException: Bash command failed. The command returned a non-zero exit code 1.
[2025-02-27T05:48:30.174+0000] {taskinstance.py:1138} INFO - Marking task as FAILED. dag_id=crypto_etl_dag, task_id=extract_coingecko_file, execution_date=20250227T054819, start_date=20250227T054821, end_date=20250227T054830
[2025-02-27T05:48:30.193+0000] {standard_task_runner.py:107} ERROR - Failed to execute job 22 for task extract_coingecko_file (Bash command failed. The command returned a non-zero exit code 1.; 188)
[2025-02-27T05:48:30.204+0000] {local_task_job_runner.py:234} INFO - Task exited with return code 1
[2025-02-27T05:48:30.232+0000] {taskinstance.py:3280} INFO - 0 downstream tasks scheduled from follow-on schedule check
