[2025-02-27T05:58:35.585+0000] {taskinstance.py:1956} INFO - Dependencies all met for dep_context=non-requeueable deps ti=<TaskInstance: crypto_etl_dag.load_to_postgres_file manual__2025-02-27T05:58:29.558733+00:00 [queued]>
[2025-02-27T05:58:35.594+0000] {taskinstance.py:1956} INFO - Dependencies all met for dep_context=requeueable deps ti=<TaskInstance: crypto_etl_dag.load_to_postgres_file manual__2025-02-27T05:58:29.558733+00:00 [queued]>
[2025-02-27T05:58:35.595+0000] {taskinstance.py:2170} INFO - Starting attempt 1 of 1
[2025-02-27T05:58:35.610+0000] {taskinstance.py:2191} INFO - Executing <Task(BashOperator): load_to_postgres_file> on 2025-02-27 05:58:29.558733+00:00
[2025-02-27T05:58:35.616+0000] {standard_task_runner.py:60} INFO - Started process 392 to run task
[2025-02-27T05:58:35.619+0000] {standard_task_runner.py:87} INFO - Running: ['***', 'tasks', 'run', 'crypto_etl_dag', 'load_to_postgres_file', 'manual__2025-02-27T05:58:29.558733+00:00', '--job-id', '26', '--raw', '--subdir', 'DAGS_FOLDER/crypto_etl_dag.py', '--cfg-path', '/tmp/tmp9ek2xkxw']
[2025-02-27T05:58:35.622+0000] {standard_task_runner.py:88} INFO - Job 26: Subtask load_to_postgres_file
[2025-02-27T05:58:35.674+0000] {task_command.py:423} INFO - Running <TaskInstance: crypto_etl_dag.load_to_postgres_file manual__2025-02-27T05:58:29.558733+00:00 [running]> on host d7538f12d10b
[2025-02-27T05:58:35.754+0000] {taskinstance.py:2480} INFO - Exporting env vars: AIRFLOW_CTX_DAG_OWNER='***' AIRFLOW_CTX_DAG_ID='crypto_etl_dag' AIRFLOW_CTX_TASK_ID='load_to_postgres_file' AIRFLOW_CTX_EXECUTION_DATE='2025-02-27T05:58:29.558733+00:00' AIRFLOW_CTX_TRY_NUMBER='1' AIRFLOW_CTX_DAG_RUN_ID='manual__2025-02-27T05:58:29.558733+00:00'
[2025-02-27T05:58:35.756+0000] {subprocess.py:63} INFO - Tmp dir root location: /tmp
[2025-02-27T05:58:35.757+0000] {subprocess.py:75} INFO - Running command: ['/usr/bin/bash', '-c', 'python /opt/***/dags/scripts/load_to_postgres.py']
[2025-02-27T05:58:35.769+0000] {subprocess.py:86} INFO - Output:
[2025-02-27T05:58:42.175+0000] {subprocess.py:93} INFO - Traceback (most recent call last):
[2025-02-27T05:58:42.176+0000] {subprocess.py:93} INFO -   File "/home/***/.local/lib/python3.8/site-packages/urllib3/connection.py", line 174, in _new_conn
[2025-02-27T05:58:42.176+0000] {subprocess.py:93} INFO -     conn = connection.create_connection(
[2025-02-27T05:58:42.177+0000] {subprocess.py:93} INFO -   File "/home/***/.local/lib/python3.8/site-packages/urllib3/util/connection.py", line 95, in create_connection
[2025-02-27T05:58:42.178+0000] {subprocess.py:93} INFO -     raise err
[2025-02-27T05:58:42.178+0000] {subprocess.py:93} INFO -   File "/home/***/.local/lib/python3.8/site-packages/urllib3/util/connection.py", line 85, in create_connection
[2025-02-27T05:58:42.179+0000] {subprocess.py:93} INFO -     sock.connect(sa)
[2025-02-27T05:58:42.179+0000] {subprocess.py:93} INFO - ConnectionRefusedError: [Errno 111] Connection refused
[2025-02-27T05:58:42.180+0000] {subprocess.py:93} INFO - 
[2025-02-27T05:58:42.181+0000] {subprocess.py:93} INFO - During handling of the above exception, another exception occurred:
[2025-02-27T05:58:42.181+0000] {subprocess.py:93} INFO - 
[2025-02-27T05:58:42.182+0000] {subprocess.py:93} INFO - Traceback (most recent call last):
[2025-02-27T05:58:42.183+0000] {subprocess.py:93} INFO -   File "/home/***/.local/lib/python3.8/site-packages/urllib3/connectionpool.py", line 715, in urlopen
[2025-02-27T05:58:42.184+0000] {subprocess.py:93} INFO -     httplib_response = self._make_request(
[2025-02-27T05:58:42.184+0000] {subprocess.py:93} INFO -   File "/home/***/.local/lib/python3.8/site-packages/urllib3/connectionpool.py", line 416, in _make_request
[2025-02-27T05:58:42.185+0000] {subprocess.py:93} INFO -     conn.request(method, url, **httplib_request_kw)
[2025-02-27T05:58:42.186+0000] {subprocess.py:93} INFO -   File "/home/***/.local/lib/python3.8/site-packages/urllib3/connection.py", line 244, in request
[2025-02-27T05:58:42.186+0000] {subprocess.py:93} INFO -     super(HTTPConnection, self).request(method, url, body=body, headers=headers)
[2025-02-27T05:58:42.187+0000] {subprocess.py:93} INFO -   File "/usr/local/lib/python3.8/http/client.py", line 1256, in request
[2025-02-27T05:58:42.188+0000] {subprocess.py:93} INFO -     self._send_request(method, url, body, headers, encode_chunked)
[2025-02-27T05:58:42.188+0000] {subprocess.py:93} INFO -   File "/usr/local/lib/python3.8/http/client.py", line 1302, in _send_request
[2025-02-27T05:58:42.189+0000] {subprocess.py:93} INFO -     self.endheaders(body, encode_chunked=encode_chunked)
[2025-02-27T05:58:42.189+0000] {subprocess.py:93} INFO -   File "/usr/local/lib/python3.8/http/client.py", line 1251, in endheaders
[2025-02-27T05:58:42.190+0000] {subprocess.py:93} INFO -     self._send_output(message_body, encode_chunked=encode_chunked)
[2025-02-27T05:58:42.190+0000] {subprocess.py:93} INFO -   File "/usr/local/lib/python3.8/http/client.py", line 1011, in _send_output
[2025-02-27T05:58:42.191+0000] {subprocess.py:93} INFO -     self.send(msg)
[2025-02-27T05:58:42.192+0000] {subprocess.py:93} INFO -   File "/usr/local/lib/python3.8/http/client.py", line 951, in send
[2025-02-27T05:58:42.192+0000] {subprocess.py:93} INFO -     self.connect()
[2025-02-27T05:58:42.193+0000] {subprocess.py:93} INFO -   File "/home/***/.local/lib/python3.8/site-packages/urllib3/connection.py", line 205, in connect
[2025-02-27T05:58:42.193+0000] {subprocess.py:93} INFO -     conn = self._new_conn()
[2025-02-27T05:58:42.194+0000] {subprocess.py:93} INFO -   File "/home/***/.local/lib/python3.8/site-packages/urllib3/connection.py", line 186, in _new_conn
[2025-02-27T05:58:42.195+0000] {subprocess.py:93} INFO -     raise NewConnectionError(
[2025-02-27T05:58:42.196+0000] {subprocess.py:93} INFO - urllib3.exceptions.NewConnectionError: <urllib3.connection.HTTPConnection object at 0x7f3ea4f57520>: Failed to establish a new connection: [Errno 111] Connection refused
[2025-02-27T05:58:42.197+0000] {subprocess.py:93} INFO - 
[2025-02-27T05:58:42.197+0000] {subprocess.py:93} INFO - During handling of the above exception, another exception occurred:
[2025-02-27T05:58:42.198+0000] {subprocess.py:93} INFO - 
[2025-02-27T05:58:42.198+0000] {subprocess.py:93} INFO - Traceback (most recent call last):
[2025-02-27T05:58:42.199+0000] {subprocess.py:93} INFO -   File "/opt/***/dags/scripts/load_to_postgres.py", line 127, in <module>
[2025-02-27T05:58:42.199+0000] {subprocess.py:93} INFO -     download_from_minio("coin_data_from_minio.csv", "coin-bucket", "coin_data.csv", minio_client)
[2025-02-27T05:58:42.200+0000] {subprocess.py:93} INFO -   File "/opt/***/dags/scripts/load_to_postgres.py", line 8, in download_from_minio
[2025-02-27T05:58:42.200+0000] {subprocess.py:93} INFO -     minio_client.fget_object(
[2025-02-27T05:58:42.201+0000] {subprocess.py:93} INFO -   File "/home/***/.local/lib/python3.8/site-packages/minio/api.py", line 1118, in fget_object
[2025-02-27T05:58:42.202+0000] {subprocess.py:93} INFO -     stat = self.stat_object(
[2025-02-27T05:58:42.202+0000] {subprocess.py:93} INFO -   File "/home/***/.local/lib/python3.8/site-packages/minio/api.py", line 2051, in stat_object
[2025-02-27T05:58:42.203+0000] {subprocess.py:93} INFO -     response = self._execute(
[2025-02-27T05:58:42.203+0000] {subprocess.py:93} INFO -   File "/home/***/.local/lib/python3.8/site-packages/minio/api.py", line 437, in _execute
[2025-02-27T05:58:42.204+0000] {subprocess.py:93} INFO -     region = self._get_region(bucket_name)
[2025-02-27T05:58:42.205+0000] {subprocess.py:93} INFO -   File "/home/***/.local/lib/python3.8/site-packages/minio/api.py", line 494, in _get_region
[2025-02-27T05:58:42.205+0000] {subprocess.py:93} INFO -     response = self._url_open(
[2025-02-27T05:58:42.206+0000] {subprocess.py:93} INFO -   File "/home/***/.local/lib/python3.8/site-packages/minio/api.py", line 302, in _url_open
[2025-02-27T05:58:42.206+0000] {subprocess.py:93} INFO -     response = self._http.urlopen(
[2025-02-27T05:58:42.207+0000] {subprocess.py:93} INFO -   File "/home/***/.local/lib/python3.8/site-packages/urllib3/poolmanager.py", line 376, in urlopen
[2025-02-27T05:58:42.207+0000] {subprocess.py:93} INFO -     response = conn.urlopen(method, u.request_uri, **kw)
[2025-02-27T05:58:42.208+0000] {subprocess.py:93} INFO -   File "/home/***/.local/lib/python3.8/site-packages/urllib3/connectionpool.py", line 827, in urlopen
[2025-02-27T05:58:42.208+0000] {subprocess.py:93} INFO -     return self.urlopen(
[2025-02-27T05:58:42.209+0000] {subprocess.py:93} INFO -   File "/home/***/.local/lib/python3.8/site-packages/urllib3/connectionpool.py", line 827, in urlopen
[2025-02-27T05:58:42.210+0000] {subprocess.py:93} INFO -     return self.urlopen(
[2025-02-27T05:58:42.210+0000] {subprocess.py:93} INFO -   File "/home/***/.local/lib/python3.8/site-packages/urllib3/connectionpool.py", line 827, in urlopen
[2025-02-27T05:58:42.211+0000] {subprocess.py:93} INFO -     return self.urlopen(
[2025-02-27T05:58:42.211+0000] {subprocess.py:93} INFO -   [Previous line repeated 2 more times]
[2025-02-27T05:58:42.212+0000] {subprocess.py:93} INFO -   File "/home/***/.local/lib/python3.8/site-packages/urllib3/connectionpool.py", line 799, in urlopen
[2025-02-27T05:58:42.212+0000] {subprocess.py:93} INFO -     retries = retries.increment(
[2025-02-27T05:58:42.213+0000] {subprocess.py:93} INFO -   File "/home/***/.local/lib/python3.8/site-packages/urllib3/util/retry.py", line 592, in increment
[2025-02-27T05:58:42.213+0000] {subprocess.py:93} INFO -     raise MaxRetryError(_pool, url, error or ResponseError(cause))
[2025-02-27T05:58:42.214+0000] {subprocess.py:93} INFO - urllib3.exceptions.MaxRetryError: HTTPConnectionPool(host='localhost', port=9000): Max retries exceeded with url: /coin-bucket?location= (Caused by NewConnectionError('<urllib3.connection.HTTPConnection object at 0x7f3ea4f57520>: Failed to establish a new connection: [Errno 111] Connection refused'))
[2025-02-27T05:58:42.215+0000] {subprocess.py:97} INFO - Command exited with return code 1
[2025-02-27T05:58:42.234+0000] {taskinstance.py:2698} ERROR - Task failed with exception
Traceback (most recent call last):
  File "/home/airflow/.local/lib/python3.8/site-packages/airflow/models/taskinstance.py", line 433, in _execute_task
    result = execute_callable(context=context, **execute_callable_kwargs)
  File "/home/airflow/.local/lib/python3.8/site-packages/airflow/operators/bash.py", line 212, in execute
    raise AirflowException(
airflow.exceptions.AirflowException: Bash command failed. The command returned a non-zero exit code 1.
[2025-02-27T05:58:42.241+0000] {taskinstance.py:1138} INFO - Marking task as FAILED. dag_id=crypto_etl_dag, task_id=load_to_postgres_file, execution_date=20250227T055829, start_date=20250227T055835, end_date=20250227T055842
[2025-02-27T05:58:42.262+0000] {standard_task_runner.py:107} ERROR - Failed to execute job 26 for task load_to_postgres_file (Bash command failed. The command returned a non-zero exit code 1.; 392)
[2025-02-27T05:58:42.287+0000] {local_task_job_runner.py:234} INFO - Task exited with return code 1
[2025-02-27T05:58:42.305+0000] {taskinstance.py:3280} INFO - 0 downstream tasks scheduled from follow-on schedule check
